<?xml version="1.0" encoding="UTF-8"?>
<!-- Generated by org.testng.reporters.JUnitXMLReporter -->
<testsuite hostname="cartlowqaakmal-Inspiron-5558" failures="1" tests="5" name="Command line test" time="0.057" errors="0" timestamp="10 Apr 2023 10:18:37 GMT">
  <testcase classname="MyTest.DemoTest" name="demo1Test" time="0.02">
    <skipped/>
  </testcase> <!-- demo1Test -->
  <testcase classname="MyTest.DemoTest" name="demo1Test" time="0.0">
    <skipped/>
  </testcase> <!-- demo1Test -->
  <testcase classname="MyTest.DemoTest" name="demo1Test" time="0.001">
    <skipped/>
  </testcase> <!-- demo1Test -->
  <testcase classname="MyTest.DemoTest" name="demo1Test" time="0.0">
    <failure type="java.lang.AssertionError" message="expected [true] but found [false]">
      <![CDATA[java.lang.AssertionError: expected [true] but found [false]
	at MyTest.DemoTest.demo1Test(DemoTest.java:14)
... Removed 39 stack frames]]>
    </failure>
  </testcase> <!-- demo1Test -->
  <testcase classname="MyTest.DemoTest" name="demo2Test" time="0.001"/>
</testsuite> <!-- Command line test -->
